CTRL7 started at 2021/11/16 16:38:47
MoveTo(8,-20000,-20000)
MoveTo(8,-20000,0)
MoveTo(10,45000,-1000)
MoveTo(10,-1000,0)
MoveBy(10,0,180)
MoveBy(10,180,180)
MoveBy(10,360,180)
MoveBy(10,540,180)
MoveBy(10,720,180)
MoveBy(10,900,180)
MoveBy(10,1080,180)
MoveBy(10,1260,180)
MoveBy(10,1440,180)
MoveBy(10,1620,180)
MoveBy(10,1800,180)
MoveBy(10,1980,180)
MoveBy(10,2160,180)
MoveBy(10,2340,180)
MoveBy(10,2520,180)
MoveBy(10,2700,180)
MoveBy(10,2880,180)
MoveBy(10,3060,180)
MoveBy(10,3240,180)
MoveBy(10,3420,180)
MoveBy(10,3600,180)
MoveBy(10,3780,180)
MoveBy(10,3960,180)
MoveBy(10,4140,180)
MoveBy(10,4320,180)
MoveBy(10,4500,180)
MoveBy(10,4680,180)
MoveBy(10,4860,180)
MoveBy(10,5040,180)
MoveBy(10,5220,180)
MoveBy(10,5400,180)
MoveBy(10,5580,180)
MoveBy(10,5760,180)
MoveBy(10,5940,180)
MoveBy(10,6120,180)
MoveBy(10,6300,180)
MoveBy(10,6480,180)
MoveBy(10,6660,180)
MoveBy(10,6840,180)
MoveBy(10,7020,180)
MoveBy(10,7200,180)
MoveBy(10,7380,180)
MoveBy(10,7560,180)
MoveBy(10,7740,180)
MoveBy(10,7920,180)
MoveBy(10,8100,180)
MoveBy(10,8280,180)
MoveBy(10,8460,180)
MoveBy(10,8640,180)
MoveBy(10,8820,180)
MoveBy(10,9000,180)
MoveBy(10,9180,180)
MoveBy(10,9360,180)
MoveBy(10,9540,180)
MoveBy(10,9720,180)
MoveBy(10,9900,180)
MoveBy(10,10080,180)
MoveBy(10,10260,180)
MoveBy(10,10440,180)
MoveBy(10,10620,180)
MoveBy(10,10800,180)
MoveBy(10,10980,180)
MoveBy(10,11160,180)
MoveBy(10,11340,180)
MoveBy(10,11520,180)
MoveBy(10,11700,180)
MoveBy(10,11880,180)
MoveBy(10,12060,180)
MoveBy(10,12240,180)
MoveBy(10,12420,180)
MoveBy(10,12600,180)
MoveBy(10,12780,180)
MoveBy(10,12960,180)
MoveBy(10,13140,180)
MoveBy(10,13320,180)
MoveBy(10,13500,180)
MoveBy(10,13680,180)
MoveBy(10,13860,180)
MoveBy(10,14040,180)
MoveBy(10,14220,180)
MoveBy(10,14400,180)
MoveBy(10,14580,180)
MoveBy(10,14760,180)
MoveBy(10,14940,180)
MoveBy(10,15120,180)
MoveBy(10,15300,180)
MoveBy(10,15480,180)
MoveBy(10,15660,180)
MoveBy(10,15840,180)
MoveBy(10,16020,180)
MoveBy(10,16200,180)
MoveBy(10,16380,180)
MoveBy(10,16560,180)
MoveBy(10,16740,180)
MoveBy(10,16920,180)
MoveBy(10,17100,180)
MoveBy(10,17280,180)
MoveBy(10,17460,180)
MoveBy(10,17640,180)
MoveBy(10,17820,180)
MoveBy(10,18000,180)
MoveBy(10,18180,180)
MoveBy(10,18360,180)
MoveBy(10,18540,180)
MoveBy(10,18720,180)
MoveBy(10,18900,180)
MoveBy(10,19080,180)
MoveBy(10,19260,180)
MoveBy(10,19440,180)
MoveBy(10,19620,180)
MoveBy(10,19800,180)
MoveBy(10,19980,180)
MoveBy(10,20160,180)
MoveBy(10,20340,180)
MoveBy(10,20520,180)
MoveBy(10,20700,180)
MoveBy(10,20880,180)
MoveBy(10,21060,180)
MoveBy(10,21240,180)
MoveBy(10,21420,180)
MoveBy(10,21600,180)
MoveBy(10,21780,180)
MoveBy(10,21960,180)
MoveBy(10,22140,180)
MoveBy(10,22320,180)
MoveBy(10,22500,180)
MoveBy(10,22680,180)
MoveBy(10,22860,180)
MoveBy(10,23040,180)
MoveBy(10,23220,180)
MoveBy(10,23400,180)
MoveBy(10,23580,180)
MoveBy(10,23760,180)
MoveBy(10,23940,180)
MoveBy(10,24120,180)
MoveBy(10,24300,180)
MoveBy(10,24480,180)
MoveBy(10,24660,180)
MoveBy(10,24840,180)
MoveBy(10,25020,180)
MoveBy(10,25200,180)
MoveBy(10,25380,180)
MoveBy(10,25560,180)
MoveBy(10,25740,180)
MoveBy(10,25920,180)
MoveBy(10,26100,180)
MoveBy(10,26280,180)
MoveBy(10,26460,180)
MoveBy(10,26640,180)
MoveBy(10,26820,180)
MoveBy(10,27000,180)
MoveBy(10,27180,180)
MoveBy(10,27360,180)
MoveBy(10,27540,180)
MoveBy(10,27720,180)
MoveBy(10,27900,180)
MoveBy(10,28080,180)
MoveBy(10,28260,180)
MoveBy(10,28440,180)
MoveBy(10,28620,180)
MoveBy(10,28800,180)
MoveBy(10,28980,180)
MoveBy(10,29160,180)
MoveBy(10,29340,180)
MoveBy(10,29520,180)
MoveBy(10,29700,180)
MoveBy(10,29880,180)
MoveBy(10,30060,180)
MoveBy(10,30240,180)
MoveBy(10,30420,180)
MoveBy(10,30600,180)
MoveBy(10,30780,180)
MoveBy(10,30960,180)
MoveBy(10,31140,180)
MoveBy(10,31320,180)
MoveBy(10,31500,180)
MoveBy(10,31680,180)
MoveBy(10,31860,180)
MoveBy(10,32040,180)
MoveBy(10,32220,180)
MoveBy(10,32400,180)
MoveBy(10,32580,180)
MoveBy(10,32760,180)
MoveBy(10,32940,180)
MoveBy(10,33120,180)
MoveBy(10,33300,180)
MoveBy(10,33480,180)
MoveBy(10,33660,180)
MoveBy(10,33840,180)
MoveBy(10,34020,180)
MoveBy(10,34200,180)
MoveBy(10,34380,180)
MoveBy(10,34560,180)
MoveBy(10,34740,180)
MoveBy(10,34920,180)
MoveBy(10,35100,180)
MoveBy(10,35280,180)
MoveBy(10,35460,180)
MoveBy(10,35640,180)
MoveBy(10,35820,180)
MoveBy(10,36000,180)
MoveBy(10,36180,180)
MoveBy(10,36360,180)
MoveBy(10,36540,180)
MoveBy(10,36720,180)
MoveBy(10,36900,180)
MoveBy(10,37080,180)
MoveBy(10,37260,180)
MoveBy(10,37440,180)
MoveBy(10,37620,180)
MoveBy(10,37800,180)
MoveBy(10,37980,180)
MoveBy(10,38160,180)
MoveBy(10,38340,180)
MoveBy(10,38520,180)
MoveBy(10,38700,180)
MoveBy(10,38880,180)
MoveBy(10,39060,180)
MoveBy(10,39240,180)
MoveBy(10,39420,180)
MoveBy(10,39600,180)
MoveBy(10,39780,180)
MoveBy(10,39960,180)
MoveBy(10,40140,180)
MoveBy(10,40320,180)
MoveBy(10,40500,180)
MoveBy(10,40680,180)
MoveBy(10,40860,180)
MoveBy(10,41040,180)
MoveBy(10,41220,180)
MoveBy(10,41400,180)
MoveBy(10,41580,180)
MoveBy(10,41760,180)
MoveBy(10,41940,180)
MoveBy(10,42120,180)
MoveBy(10,42300,180)
MoveBy(10,42480,180)
MoveBy(10,42660,180)
MoveBy(10,42840,180)
MoveBy(10,43020,180)
MoveBy(10,43200,180)
MoveBy(10,43380,180)
MoveBy(10,43560,180)
MoveBy(10,43740,180)
MoveBy(10,43920,180)
MoveBy(10,44100,180)
MoveBy(10,44280,180)
MoveBy(10,44460,180)
MoveBy(10,44640,180)
MoveBy(10,44820,180)
MoveBy(10,45000,180)
MoveBy(10,45180,180)
MoveBy(10,45360,180)
MoveBy(10,45540,180)
MoveBy(10,45720,180)
MoveBy(10,45900,180)
MoveBy(10,46080,180)
MoveBy(10,46260,180)
MoveBy(10,46440,180)
MoveBy(10,46620,180)
MoveBy(10,46800,180)
MoveBy(10,46980,180)
MoveBy(10,47160,180)
MoveBy(10,47340,180)
MoveBy(10,47520,180)
MoveBy(10,47700,180)
MoveBy(10,47880,180)
MoveBy(10,48060,180)
MoveBy(10,48240,180)
MoveBy(10,48420,180)
MoveBy(10,48600,180)
MoveBy(10,48780,180)
MoveBy(10,48960,180)
MoveBy(10,49140,180)
MoveBy(10,49320,180)
MoveBy(10,49500,180)
MoveBy(10,49680,180)
MoveBy(10,49860,180)
MoveBy(10,50040,180)
MoveBy(10,50220,180)
MoveBy(10,50400,180)
MoveBy(10,50580,180)
MoveBy(10,50760,180)
MoveBy(10,50940,180)
MoveBy(10,51120,180)
MoveBy(10,51300,180)
MoveBy(10,51480,180)
MoveBy(10,51660,180)
MoveBy(10,51840,180)
MoveBy(10,52020,180)
MoveBy(10,52200,180)
MoveBy(10,52380,180)
MoveBy(10,52560,180)
MoveBy(10,52740,180)
MoveBy(10,52920,180)
MoveBy(10,53100,180)
MoveBy(10,53280,180)
MoveBy(10,53460,180)
MoveBy(10,53640,180)
MoveBy(10,53820,180)
MoveBy(10,54000,180)
MoveBy(10,54180,180)
MoveBy(10,54360,180)
MoveBy(10,54540,180)
MoveBy(10,54720,180)
MoveBy(10,54900,180)
MoveBy(10,55080,180)
MoveBy(10,55260,180)
MoveBy(10,55440,180)
MoveBy(10,55620,180)
MoveBy(10,55800,180)
MoveBy(10,55980,180)
MoveBy(10,56160,180)
MoveBy(10,56340,180)
MoveBy(10,56520,180)
MoveBy(10,56700,180)
MoveBy(10,56880,180)
MoveBy(10,57060,180)
MoveBy(10,57240,180)
MoveBy(10,57420,180)
MoveBy(10,57600,180)
MoveBy(10,57780,180)
MoveBy(10,57960,180)
MoveBy(10,58140,180)
MoveBy(10,58320,180)
MoveBy(10,58500,180)
MoveBy(10,58680,180)
MoveBy(10,58860,180)
MoveBy(10,59040,180)
MoveBy(10,59220,180)
MoveBy(10,59400,180)
MoveBy(10,59580,180)
MoveBy(10,59760,180)
MoveBy(10,59940,180)
MoveBy(10,60120,180)
MoveBy(10,60300,180)
MoveBy(10,60480,180)
MoveBy(10,60660,180)
MoveBy(10,60840,180)
MoveBy(10,61020,180)
MoveBy(10,61200,180)
MoveBy(10,61380,180)
MoveBy(10,61560,180)
MoveBy(10,61740,180)
MoveBy(10,61920,180)
MoveBy(10,62100,180)
MoveBy(10,62280,180)
MoveBy(10,62460,180)
MoveBy(10,62640,180)
MoveBy(10,62820,180)
MoveBy(10,63000,180)
MoveBy(10,63180,180)
MoveBy(10,63360,180)
MoveBy(10,63540,180)
MoveBy(10,63720,180)
MoveBy(10,63900,180)
MoveBy(10,64080,180)
MoveBy(10,64260,180)
MoveBy(10,64440,180)
MoveBy(10,64620,180)
MoveBy(10,64800,180)
MoveBy(10,64980,180)
MoveBy(10,65160,180)
MoveBy(10,65340,180)
MoveBy(10,65520,180)
MoveBy(10,65700,180)
MoveBy(10,65880,180)
MoveBy(10,66060,180)
MoveBy(10,66240,180)
MoveBy(10,66420,180)
MoveBy(10,66600,180)
MoveBy(10,66780,180)
MoveBy(10,66960,180)
MoveBy(10,67140,180)
MoveBy(10,67320,180)
MoveBy(10,67500,180)
MoveBy(10,67680,180)
MoveBy(10,67860,180)
MoveBy(10,68040,180)
MoveBy(10,68220,180)
MoveBy(10,68400,180)
MoveBy(10,68580,180)
MoveBy(10,68760,180)
MoveBy(10,68940,180)
MoveBy(10,69120,180)
MoveBy(10,69300,180)
MoveBy(10,69480,180)
MoveBy(10,69660,180)
MoveBy(10,69840,180)
MoveBy(10,70020,180)
MoveBy(10,70200,180)
MoveBy(10,70380,180)
MoveBy(10,70560,180)
MoveBy(10,70740,180)
MoveBy(10,70920,180)
MoveBy(10,71100,180)
MoveBy(10,71280,180)
MoveBy(10,71460,180)
MoveBy(10,71640,180)
MoveBy(10,71820,180)
MoveBy(10,72000,180)
MoveBy(10,72180,180)
MoveBy(10,72360,180)
MoveBy(10,72540,180)
MoveBy(10,72720,180)
MoveBy(10,72900,180)
MoveBy(10,73080,180)
MoveBy(10,73260,180)
MoveBy(10,73440,180)
MoveBy(10,73620,180)
MoveBy(10,73800,180)
MoveBy(10,73980,180)
MoveBy(10,74160,180)
MoveBy(10,74340,180)
MoveBy(10,74520,180)
MoveBy(10,74700,180)
MoveBy(10,74880,180)
MoveBy(10,75060,180)
MoveBy(10,75240,180)
MoveBy(10,75420,180)
MoveBy(10,75600,180)
MoveBy(10,75780,180)
MoveBy(10,75960,180)
MoveBy(10,76140,180)
MoveBy(10,76320,180)
MoveBy(10,76500,180)
MoveBy(10,76680,180)
MoveBy(10,76860,180)
MoveBy(10,77040,180)
MoveBy(10,77220,180)
MoveBy(10,77400,180)
MoveBy(10,77580,180)
MoveBy(10,77760,180)
MoveBy(10,77940,180)
MoveBy(10,78120,180)
MoveBy(10,78300,180)
MoveBy(10,78480,180)
MoveBy(10,78660,180)
MoveBy(10,78840,180)
MoveBy(10,79020,180)
MoveBy(10,79200,180)
MoveBy(10,79380,180)
MoveBy(10,79560,180)
MoveBy(10,79740,180)
MoveBy(10,79920,180)
MoveBy(10,80100,180)
MoveBy(10,80280,180)
MoveBy(10,80460,180)
MoveBy(10,80640,180)
MoveBy(10,80820,180)
MoveBy(10,81000,180)
MoveBy(10,81180,180)
MoveBy(10,81360,180)
MoveBy(10,81540,180)
MoveBy(10,81720,180)
MoveBy(10,81900,180)
MoveBy(10,82080,180)
MoveBy(10,82260,180)
MoveBy(10,82440,180)
MoveBy(10,82620,180)
MoveBy(10,82800,180)
MoveBy(10,82980,180)
MoveBy(10,83160,180)
MoveBy(10,83340,180)
MoveBy(10,83520,180)
MoveBy(10,83700,180)
MoveBy(10,83880,180)
MoveBy(10,84060,180)
MoveBy(10,84240,180)
MoveBy(10,84420,180)
MoveBy(10,84600,180)
MoveBy(10,84780,180)
MoveBy(10,84960,180)
MoveBy(10,85140,180)
MoveBy(10,85320,180)
MoveBy(10,85500,180)
MoveBy(10,85680,180)
MoveBy(10,85860,180)
MoveBy(10,86040,180)
MoveBy(10,86220,180)
MoveBy(10,86400,180)
MoveBy(10,86580,180)
MoveBy(10,86760,180)
MoveBy(10,86940,180)
MoveBy(10,87120,180)
MoveBy(10,87300,180)
MoveBy(10,87480,180)
MoveBy(10,87660,180)
MoveBy(10,87840,180)
MoveBy(10,88020,180)
MoveBy(10,88200,180)
MoveBy(10,88380,180)
MoveBy(10,88560,180)
MoveBy(10,88740,180)
MoveBy(10,88920,180)
MoveBy(10,89100,180)
MoveBy(10,89280,180)
MoveBy(10,89460,180)
MoveBy(10,89640,180)
MoveBy(10,89820,180)
MoveBy(10,90000,180)
MoveBy(10,90180,180)
MoveBy(10,90360,180)
MoveBy(10,90540,180)
MoveBy(10,90720,180)
MoveBy(10,90900,180)
MoveBy(10,91080,180)
MoveBy(10,91260,180)
MoveBy(10,91440,180)
MoveBy(10,91620,180)
MoveBy(10,91800,180)
MoveBy(10,91980,180)
MoveBy(10,92160,180)
MoveBy(10,92340,180)
MoveBy(10,92520,180)
MoveBy(10,92700,180)
MoveBy(10,92880,180)
MoveBy(10,93060,180)
MoveBy(10,93240,180)
MoveBy(10,93420,180)
MoveBy(10,93600,180)
MoveBy(10,93780,180)
MoveBy(10,93960,180)
MoveBy(10,94140,180)
MoveBy(10,94320,180)
MoveBy(10,94500,180)
MoveBy(10,94680,180)
MoveBy(10,94860,180)
MoveBy(10,95040,180)
MoveBy(10,95220,180)
MoveBy(10,95400,180)
MoveBy(10,95580,180)
MoveBy(10,95760,180)
MoveBy(10,95940,180)
MoveBy(10,96120,180)
MoveBy(10,96300,180)
MoveBy(10,96480,180)
MoveBy(10,96660,180)
MoveBy(10,96840,180)
MoveBy(10,97020,180)
MoveBy(10,97200,180)
MoveBy(10,97380,180)
MoveBy(10,97560,180)
MoveBy(10,97740,180)
MoveBy(10,97920,180)
MoveBy(10,98100,180)
MoveBy(10,98280,180)
MoveBy(10,98460,180)
MoveBy(10,98640,180)
MoveBy(10,98820,180)
MoveBy(10,99000,180)
MoveBy(10,99180,180)
MoveBy(10,99360,180)
MoveBy(10,99540,180)
MoveBy(10,99720,180)
MoveBy(10,99900,180)
MoveBy(10,100080,180)
MoveBy(10,100260,180)
MoveBy(10,100440,180)
MoveBy(10,100620,180)
MoveBy(10,100800,180)
MoveBy(10,100980,180)
MoveBy(10,101160,180)
MoveBy(10,101340,180)
MoveBy(10,101520,180)
MoveBy(10,101700,180)
MoveBy(10,101880,180)
MoveBy(10,102060,180)
MoveBy(10,102240,180)
MoveBy(10,102420,180)
MoveBy(10,102600,180)
MoveBy(10,102780,180)
MoveBy(10,102960,180)
MoveBy(10,103140,180)
MoveBy(10,103320,180)
MoveBy(10,103500,180)
MoveBy(10,103680,180)
MoveBy(10,103860,180)
MoveBy(10,104040,180)
MoveBy(10,104220,180)
MoveBy(10,104400,180)
MoveBy(10,104580,180)
MoveBy(10,104760,180)
MoveBy(10,104940,180)
MoveBy(10,105120,180)
MoveBy(10,105300,180)
MoveBy(10,105480,180)
MoveBy(10,105660,180)
MoveBy(10,105840,180)
MoveBy(10,106020,180)
MoveBy(10,106200,180)
MoveBy(10,106380,180)
MoveBy(10,106560,180)
MoveBy(10,106740,180)
MoveBy(10,106920,180)
MoveBy(10,107100,180)
MoveBy(10,107280,180)
MoveBy(10,107460,180)
MoveBy(10,107640,180)
MoveBy(10,107820,180)
MoveBy(10,108000,180)
MoveBy(10,108180,180)
MoveBy(10,108360,180)
MoveBy(10,108540,180)
MoveBy(10,108720,180)
MoveBy(10,108900,180)
MoveBy(10,109080,180)
MoveBy(10,109260,180)
MoveBy(10,109440,180)
MoveBy(10,109620,180)
MoveBy(10,109800,180)
MoveBy(10,109980,180)
MoveBy(10,110160,180)
MoveBy(10,110340,180)
MoveBy(10,110520,180)
MoveBy(10,110700,180)
MoveBy(10,110880,180)
MoveBy(10,111060,180)
MoveBy(10,111240,180)
MoveBy(10,111420,180)
MoveBy(10,111600,180)
MoveBy(10,111780,180)
MoveBy(10,111960,180)
MoveBy(10,112140,180)
MoveBy(10,112320,180)
MoveBy(10,112500,180)
MoveBy(10,112680,180)
MoveBy(10,112860,180)
MoveBy(10,113040,180)
MoveBy(10,113220,180)
MoveBy(10,113400,180)
MoveBy(10,113580,180)
MoveBy(10,113760,180)
MoveBy(10,113940,180)
MoveBy(10,114120,180)
MoveBy(10,114300,180)
MoveBy(10,114480,180)
MoveBy(10,114660,180)
MoveBy(10,114840,180)
MoveBy(10,115020,180)
MoveBy(10,115200,180)
MoveBy(10,115380,180)
MoveBy(10,115560,180)
MoveBy(10,115740,180)
MoveBy(10,115920,180)
MoveBy(10,116100,180)
MoveBy(10,116280,180)
MoveBy(10,116460,180)
MoveBy(10,116640,180)
MoveBy(10,116820,180)
MoveBy(10,117000,180)
MoveBy(10,117180,180)
MoveBy(10,117360,180)
MoveBy(10,117540,180)
MoveBy(10,117720,180)
MoveBy(10,117900,180)
MoveBy(10,118080,180)
MoveBy(10,118260,180)
MoveBy(10,118440,180)
MoveBy(10,118620,180)
MoveBy(10,118800,180)
MoveBy(10,118980,180)
MoveBy(10,119160,180)
MoveBy(10,119340,180)
MoveBy(10,119520,180)
MoveBy(10,119700,180)
MoveBy(10,119880,180)
MoveBy(10,120060,180)
MoveBy(10,120240,180)
MoveBy(10,120420,180)
MoveBy(10,120600,180)
MoveBy(10,120780,180)
MoveBy(10,120960,180)
MoveBy(10,121140,180)
MoveBy(10,121320,180)
MoveBy(10,121500,180)
MoveBy(10,121680,180)
MoveBy(10,121860,180)
MoveBy(10,122040,180)
MoveBy(10,122220,180)
MoveBy(10,122400,180)
MoveBy(10,122580,180)
MoveBy(10,122760,180)
MoveBy(10,122940,180)
MoveBy(10,123120,180)
MoveBy(10,123300,180)
MoveBy(10,123480,180)
MoveBy(10,123660,180)
MoveBy(10,123840,180)
MoveBy(10,124020,180)
MoveBy(10,124200,180)
MoveBy(10,124380,180)
MoveBy(10,124560,180)
MoveBy(10,124740,180)
MoveBy(10,124920,180)
MoveBy(10,125100,180)
MoveBy(10,125280,180)
MoveBy(10,125460,180)
MoveBy(10,125640,180)
MoveBy(10,125820,180)
MoveBy(10,126000,180)
MoveBy(10,126180,180)
MoveBy(10,126360,180)
MoveBy(10,126540,180)
MoveBy(10,126720,180)
MoveBy(10,126900,180)
MoveBy(10,127080,180)
MoveBy(10,127260,180)
MoveBy(10,127440,180)
MoveBy(10,127620,180)
MoveBy(10,127800,180)
MoveBy(10,127980,180)
MoveBy(10,128160,180)
MoveBy(10,128340,180)
MoveBy(10,128520,180)
MoveBy(10,128700,180)
MoveBy(10,128880,180)
MoveBy(10,129060,180)
MoveBy(10,129240,180)
MoveBy(10,129420,180)
MoveBy(10,129600,180)
MoveBy(10,129780,180)
MoveBy(10,129960,180)
MoveBy(10,130140,180)
MoveBy(10,130320,180)
MoveBy(10,130500,180)
MoveBy(10,130680,180)
MoveBy(10,130860,180)
MoveBy(10,131040,180)
MoveBy(10,131220,180)
MoveBy(10,131400,180)
MoveBy(10,131580,180)
MoveBy(10,131760,180)
MoveBy(10,131940,180)
MoveBy(10,132120,180)
MoveBy(10,132300,180)
MoveBy(10,132480,180)
MoveBy(10,132660,180)
MoveBy(10,132840,180)
MoveBy(10,133020,180)
MoveBy(10,133200,180)
MoveBy(10,133380,180)
MoveBy(10,133560,180)
MoveBy(10,133740,180)
MoveBy(10,133920,180)
MoveBy(10,134100,180)
MoveBy(10,134280,180)
MoveBy(10,134460,180)
MoveBy(10,134640,180)
MoveBy(10,134820,180)
MoveBy(10,135000,180)
MoveBy(10,135180,180)
MoveBy(10,135360,180)
MoveBy(10,135540,180)
MoveBy(10,135720,180)
MoveBy(10,135900,180)
MoveBy(10,136080,180)
MoveBy(10,136260,180)
MoveBy(10,136440,180)
MoveBy(10,136620,180)
MoveBy(10,136800,180)
MoveBy(10,136980,180)
MoveBy(10,137160,180)
MoveBy(10,137340,180)
MoveBy(10,137520,180)
MoveBy(10,137700,180)
MoveBy(10,137880,180)
MoveBy(10,138060,180)
MoveBy(10,138240,180)
MoveBy(10,138420,180)
MoveBy(10,138600,180)
MoveBy(10,138780,180)
MoveBy(10,138960,180)
MoveBy(10,139140,180)
MoveBy(10,139320,180)
MoveBy(10,139500,180)
MoveBy(10,139680,180)
MoveBy(10,139860,180)
MoveBy(10,140040,180)
MoveBy(10,140220,180)
MoveBy(10,140400,180)
MoveBy(10,140580,180)
MoveBy(10,140760,180)
MoveBy(10,140940,180)
MoveBy(10,141120,180)
MoveBy(10,141300,180)
MoveBy(10,141480,180)
MoveBy(10,141660,180)
MoveBy(10,141840,180)
MoveBy(10,142020,180)
MoveBy(10,142200,180)
MoveBy(10,142380,180)
MoveBy(10,142560,180)
MoveBy(10,142740,180)
MoveBy(10,142920,180)
MoveBy(10,143100,180)
MoveBy(10,143280,180)
MoveBy(10,143460,180)
MoveBy(10,143640,180)
MoveBy(10,143820,180)
MoveBy(10,144000,180)
MoveBy(10,144180,180)
MoveBy(10,144360,180)
MoveBy(10,144540,180)
MoveBy(10,144720,180)
MoveBy(10,144900,180)
MoveBy(10,145080,180)
MoveBy(10,145260,180)
MoveBy(10,145440,180)
MoveBy(10,145620,180)
MoveBy(10,145800,180)
MoveBy(10,145980,180)
MoveBy(10,146160,180)
MoveBy(10,146340,180)
MoveBy(10,146520,180)
MoveBy(10,146700,180)
MoveBy(10,146880,180)
MoveBy(10,147060,180)
MoveBy(10,147240,180)
MoveBy(10,147420,180)
MoveBy(10,147600,180)
MoveBy(10,147780,180)
MoveBy(10,147960,180)
MoveBy(10,148140,180)
MoveBy(10,148320,180)
MoveBy(10,148500,180)
MoveBy(10,148680,180)
MoveBy(10,148860,180)
MoveBy(10,149040,180)
MoveBy(10,149220,180)
MoveBy(10,149400,180)
MoveBy(10,149580,180)
MoveBy(10,149760,180)
MoveBy(10,149940,180)
MoveBy(10,150120,180)
MoveBy(10,150300,180)
MoveBy(10,150480,180)
MoveBy(10,150660,180)
MoveBy(10,150840,180)
MoveBy(10,151020,180)
MoveBy(10,151200,180)
MoveBy(10,151380,180)
MoveBy(10,151560,180)
MoveBy(10,151740,180)
MoveBy(10,151920,180)
MoveBy(10,152100,180)
MoveBy(10,152280,180)
MoveBy(10,152460,180)
MoveBy(10,152640,180)
MoveBy(10,152820,180)
MoveBy(10,153000,180)
MoveBy(10,153180,180)
MoveBy(10,153360,180)
MoveBy(10,153540,180)
MoveBy(10,153720,180)
MoveBy(10,153900,180)
MoveBy(10,154080,180)
MoveBy(10,154260,180)
MoveBy(10,154440,180)
MoveBy(10,154620,180)
MoveBy(10,154800,180)
MoveBy(10,154980,180)
MoveBy(10,155160,180)
MoveBy(10,155340,180)
MoveBy(10,155520,180)
MoveBy(10,155700,180)
MoveBy(10,155880,180)
MoveBy(10,156060,180)
MoveBy(10,156240,180)
MoveBy(10,156420,180)
MoveBy(10,156600,180)
MoveBy(10,156780,180)
MoveBy(10,156960,180)
MoveBy(10,157140,180)
MoveBy(10,157320,180)
MoveBy(10,157500,180)
MoveBy(10,157680,180)
MoveBy(10,157860,180)
MoveBy(10,158040,180)
MoveBy(10,158220,180)
MoveBy(10,158400,180)
MoveBy(10,158580,180)
MoveBy(10,158760,180)
MoveBy(10,158940,180)
MoveBy(10,159120,180)
MoveBy(10,159300,180)
MoveBy(10,159480,180)
MoveBy(10,159660,180)
MoveBy(10,159840,180)
MoveBy(10,160020,180)
MoveBy(10,160200,180)
MoveBy(10,160380,180)
MoveBy(10,160560,180)
MoveBy(10,160740,180)
MoveBy(10,160920,180)
MoveBy(10,161100,180)
MoveBy(10,161280,180)
MoveBy(10,161460,180)
MoveBy(10,161640,180)
MoveBy(10,161820,180)
MoveBy(10,162000,180)
MoveBy(10,162180,180)
MoveBy(10,162360,180)
MoveBy(10,162540,180)
MoveBy(10,162720,180)
MoveBy(10,162900,180)
MoveBy(10,163080,180)
MoveBy(10,163260,180)
MoveBy(10,163440,180)
MoveBy(10,163620,180)
MoveBy(10,163800,180)
MoveBy(10,163980,180)
MoveBy(10,164160,180)
MoveBy(10,164340,180)
MoveBy(10,164520,180)
MoveBy(10,164700,180)
MoveBy(10,164880,180)
MoveBy(10,165060,180)
MoveBy(10,165240,180)
MoveBy(10,165420,180)
MoveBy(10,165600,180)
MoveBy(10,165780,180)
MoveBy(10,165960,180)
MoveBy(10,166140,180)
MoveBy(10,166320,180)
MoveBy(10,166500,180)
MoveBy(10,166680,180)
MoveBy(10,166860,180)
MoveBy(10,167040,180)
MoveBy(10,167220,180)
MoveBy(10,167400,180)
MoveBy(10,167580,180)
MoveBy(10,167760,180)
MoveBy(10,167940,180)
MoveBy(10,168120,180)
MoveBy(10,168300,180)
MoveBy(10,168480,180)
MoveBy(10,168660,180)
MoveBy(10,168840,180)
MoveBy(10,169020,180)
MoveBy(10,169200,180)
MoveBy(10,169380,180)
MoveBy(10,169560,180)
MoveBy(10,169740,180)
MoveBy(10,169920,180)
MoveBy(10,170100,180)
MoveBy(10,170280,180)
MoveBy(10,170460,180)
MoveBy(10,170640,180)
MoveBy(10,170820,180)
MoveBy(10,171000,180)
MoveBy(10,171180,180)
MoveBy(10,171360,180)
MoveBy(10,171540,180)
MoveBy(10,171720,180)
MoveBy(10,171900,180)
MoveBy(10,172080,180)
MoveBy(10,172260,180)
MoveBy(10,172440,180)
MoveBy(10,172620,180)
MoveBy(10,172800,180)
MoveBy(10,172980,180)
MoveBy(10,173160,180)
MoveBy(10,173340,180)
MoveBy(10,173520,180)
MoveBy(10,173700,180)
MoveBy(10,173880,180)
MoveBy(10,174060,180)
MoveBy(10,174240,180)
MoveBy(10,174420,180)
MoveBy(10,174600,180)
MoveBy(10,174780,180)
MoveBy(10,174960,180)
MoveBy(10,175140,180)
MoveBy(10,175320,180)
MoveBy(10,175500,180)
MoveBy(10,175680,180)
MoveBy(10,175860,180)
MoveBy(10,176040,180)
MoveBy(10,176220,180)
MoveBy(10,176400,180)
MoveBy(10,176580,180)
MoveBy(10,176760,180)
MoveBy(10,176940,180)
MoveBy(10,177120,180)
MoveBy(10,177300,180)
MoveBy(10,177480,180)
MoveBy(10,177660,180)
MoveBy(10,177840,180)
MoveBy(10,178020,180)
MoveBy(10,178200,180)
MoveBy(10,178380,180)
MoveBy(10,178560,180)
MoveBy(10,178740,180)
MoveBy(10,178920,180)
MoveBy(10,179100,180)
MoveBy(10,179280,180)
MoveBy(10,179460,180)
MoveBy(10,179640,180)
MoveBy(10,179820,180)
MoveBy(10,180000,180)
MoveBy(10,180180,180)
MoveBy(10,180360,180)
MoveBy(10,180540,180)
MoveBy(10,180720,180)
MoveBy(10,180900,180)
MoveBy(10,181080,180)
MoveBy(10,181260,180)
MoveBy(10,181440,180)
MoveBy(10,181620,180)
MoveBy(10,181800,180)
MoveBy(10,181980,180)
MoveBy(10,182160,180)
MoveBy(10,182340,180)
MoveBy(10,182520,180)
MoveBy(10,182700,180)
MoveBy(10,182880,180)
MoveBy(10,183060,180)
MoveBy(10,183240,180)
MoveBy(10,183420,180)
MoveBy(10,183600,180)
MoveBy(10,183780,180)
MoveBy(10,183960,180)
MoveBy(10,184140,180)
MoveBy(10,184320,180)
MoveBy(10,184500,180)
MoveBy(10,184680,180)
MoveBy(10,184860,180)
MoveBy(10,185040,180)
MoveBy(10,185220,180)
MoveBy(10,185400,180)
MoveBy(10,185580,180)
MoveBy(10,185760,180)
MoveBy(10,185940,180)
MoveBy(10,186120,180)
MoveBy(10,186300,180)
MoveBy(10,186480,180)
MoveBy(10,186660,180)
MoveBy(10,186840,180)
MoveBy(10,187020,180)
MoveBy(10,187200,180)
MoveBy(10,187380,180)
MoveBy(10,187560,180)
MoveBy(10,187740,180)
MoveBy(10,187920,180)
MoveBy(10,188100,180)
MoveBy(10,188280,180)
MoveBy(10,188460,180)
MoveBy(10,188640,180)
MoveBy(10,188820,180)
MoveTo(8,0,-20000)
MoveTo(8,-20000,0)
MoveBy(8,0,-20000)
MoveTo(10,189000,0)
MoveBy(8,-20000,-20000)
MoveBy(8,-32610,-20000)
MoveTo(8,-32610,0)
MoveTo(8,0,-20000)
