CTRL7 started at 2021/11/08 15:54:11
Initialize Andor Library: OK
Set Range : 16-bit (low noise & high well capacity)
Trigger Mode : Internal
Electronic Shuttering Mode : Rolling
Pixel Readout Rate : 100 MHz
Temperature Status : Cooling
ExpT : 1.00000139440302
ROI : 1980x2160
Set Binning : 1x1
Imager Inited
Get_Img
ROI : 1880x2160
Get_Img
ROI : 1879x2160
Get_Img
ROI : 1878x2160
Get_Img
ROI : 1980x2160
Get_Img
ROI : 1978x2160
Get_Img
ROI : 1976x2160
Get_Img
ROI : 1971x2160
Get_Img
ROI : 1961x2160
Get_Img
ROI : 1951x2160
Get_Img
ROI : 1950x2160
Get_Img
ROI : 1952x2160
Get_Img
ROI : 1951x2160
Get_Img
ROI : 1941x2160
Get_Img
ROI : 1931x2160
Get_Img
ROI : 1921x2160
Get_Img
ROI : 1911x2160
Get_Img
ROI : 1915x2160
Get_Img
ROI : 1916x2160
Get_Img
ROI : 1899x2160
Get_Img
ROI : 1895x2160
Get_Img
ROI : 1880x2160
Get_Img
ROI : 1916x2160
Get_Img
ROI : 1844x2160
Get_Img
ROI : 1871x2160
Get_Img
ROI : 1861x2160
Get_Img
ROI : 1851x2160
Get_Img
ROI : 1841x2160
Get_Img
ROI : 1831x2160
Get_Img
ROI : 1830x2160
Get_Img
ROI : 1832x2160
Get_Img
ROI : 1833x2160
Get_Img
ROI : 1834x2160
Get_Img
ROI : 1837x2160
Get_Img
ROI : 1794x2160
Get_Img
ROI : 1795x2160
Get_Img
ROI : 1797x2160
Get_Img
ROI : 1798x2160
Get_Img
ROI : 1839x2160
Get_Img
ROI : 1921x2160
Get_Img
ROI : 1916x2160
Get_Img
ROI : 1915x2160
Get_Img
ROI : 1917x2160
Get_Img
ROI : 1918x2160
Get_Img
ROI : 1919x2160
Get_Img
