CTRL7 started at 2021/10/20 10:46:12
MoveBy(1,0,1000)
MoveBy(2,97913,-10000)
MoveBy(2,87913,-10000)
MoveBy(2,77913,-10000)
MoveBy(2,67913,-10000)
MoveBy(2,57913,-10000)
MoveBy(2,37924,-10000)
MoveBy(2,47913,-10000)
MoveBy(2,37913,-10000)
MoveBy(2,27913,-10000)
MoveBy(2,17913,-10000)
MoveBy(2,7913,-10000)
MoveBy(2,-2087,-1000)
MoveBy(2,-3087,-1000)
MoveBy(2,-4087,-1000)
MoveBy(2,-5087,-1000)
MoveBy(2,-6087,-1000)
MoveBy(2,-7087,1000)
MoveBy(3,0,-200)
MoveBy(3,-200,-200)
MoveBy(6,0,-20000)
MoveBy(6,-20000,-20000)
MoveBy(10,-1181,-2000)
MoveBy(10,0,-2000)
MoveBy(10,-2000,2000)
MoveBy(10,0,2000)
MoveBy(10,2000,-1000)
MoveBy(10,1000,-1000)
MoveBy(10,0,1000)
MoveBy(10,1000,1000)
