CTRL7 started at 2021/11/16 15:37:45
MoveTo(8,12000,1000)
MoveTo(10,1000,-1000)
MoveTo(10,-1000,0)
MoveBy(10,0,100)
MoveBy(10,100,100)
MoveBy(10,200,100)
MoveBy(10,300,100)
MoveBy(10,400,100)
MoveBy(10,500,100)
MoveBy(10,600,100)
MoveBy(10,700,100)
MoveBy(10,800,100)
MoveBy(10,900,100)
MoveTo(8,1000,1000)
MoveTo(8,1000,1000)
MoveTo(10,1000,-1000)
MoveTo(10,-1000,0)
MoveBy(10,0,100)
MoveBy(10,100,100)
MoveBy(10,200,100)
MoveBy(10,300,100)
MoveBy(10,400,100)
MoveBy(10,500,100)
MoveBy(10,600,100)
MoveBy(10,700,100)
MoveBy(10,800,100)
MoveBy(10,900,100)
MoveTo(8,1000,1000)
