CTRL7 started at 2021/10/21 19:14:11
MoveBy(13,-1500,-20000)
MoveBy(6,-40000,-20000)
MoveBy(8,0,-20000)
SetPreset(8,-20000,0)
MoveBy(8,0,-20000)
MoveBy(8,0,-20000)
MoveBy(8,-20000,-20000)
MoveBy(8,-40000,-20000)
MoveTo(6,-55314,-60000)
MoveTo(6,-55314,-50000)
MoveTo(6,-50000,-50000)
MoveBy(6,-50000,10000)
MoveBy(1,1000,10000)
MoveBy(1,11000,10000)
MoveBy(1,21000,10000)
MoveBy(1,21000,10000)
MoveBy(1,31000,10000)
MoveBy(1,50950,10000)
MoveBy(1,41000,10000)
MoveBy(1,58497,10000)
MoveBy(1,51000,10000)
MoveBy(1,61000,10000)
MoveBy(1,74970,10000)
MoveBy(1,71000,10000)
MoveBy(1,81000,10000)
MoveBy(7,180,10000)
MoveBy(7,10180,10000)
MoveBy(7,20180,-5000)
MoveBy(7,15180,-3000)
SetPreset(7,12180,0)
MoveBy(8,-60000,30000)
MoveBy(8,-30000,10000)
MoveBy(9,0,-10000)
MoveBy(9,-10000,2000)
MoveBy(9,-8000,2000)
MoveBy(13,-21500,-2000)
MoveBy(13,-23500,2000)
MoveBy(13,-21500,1000)
MoveBy(13,-20500,1000)
MoveBy(13,-19500,1000)
MoveBy(14,-5500,1000)
MoveBy(14,-4500,-1000)
MoveBy(14,-5500,-1000)
MoveBy(14,-6500,-1000)
