CTRL7 started at 2021/10/20 16:15:02
SetPreset(13,-900,0)
MoveBy(13,0,-1000)
MoveBy(13,-1000,-1000)
MoveBy(13,-2000,-1000)
MoveBy(13,-3000,-1000)
MoveBy(13,-4000,-1000)
MoveBy(13,-5000,-1000)
MoveBy(13,-6000,-1000)
MoveBy(13,-7000,-1000)
MoveBy(13,-8000,-1000)
MoveBy(13,-9000,-1000)
MoveBy(13,-10000,-1000)
SetPreset(13,-11000,0)
MoveBy(13,0,-1000)
MoveBy(13,-1000,-1000)
MoveBy(13,-2000,-1000)
MoveBy(13,-3000,-1000)
MoveBy(13,-4000,-1000)
MoveBy(13,-5000,-1000)
MoveBy(13,-6000,-1000)
MoveBy(13,-7999,-1000)
MoveBy(13,-7000,-1000)
MoveBy(13,-8000,-1000)
MoveBy(13,-9999,-1000)
MoveBy(13,-9000,-1000)
MoveBy(13,-10000,-1000)
MoveBy(13,-11000,-1000)
MoveBy(13,-12000,-1000)
MoveBy(13,-13994,-1000)
MoveBy(13,-13000,-1000)
MoveBy(13,-14000,-1000)
MoveBy(13,-15000,-1000)
MoveBy(13,-16000,-1000)
MoveBy(13,-17000,-1000)
MoveBy(13,-18000,-1000)
MoveBy(13,-19000,-1000)
MoveBy(13,-20000,-1000)
MoveBy(13,-21999,-1000)
MoveBy(13,-21000,-1000)
MoveBy(13,-22000,-1000)
MoveBy(13,-23000,-1000)
MoveBy(13,-24000,-1000)
MoveBy(13,-26866,-1000)
MoveBy(13,-27999,-1000)
MoveBy(13,-27338,-1000)
MoveBy(13,-28999,-1000)
MoveBy(13,-28227,-1000)
MoveBy(13,-29000,-1000)
MoveBy(13,-30994,-1000)
MoveBy(13,-31999,-1000)
MoveBy(13,-32995,-1000)
MoveBy(13,-33999,-1000)
MoveBy(13,-34999,-1000)
MoveBy(13,-35976,-1000)
MoveBy(13,-36463,-1000)
MoveBy(13,-36464,-1000)
MoveBy(13,-36464,-1000)
MoveBy(13,-36464,-1000)
MoveBy(13,-36464,-1000)
MoveBy(13,-36464,-1000)
MoveBy(13,-36464,-1000)
MoveBy(13,-36464,-1000)
MoveBy(13,-36464,-1000)
MoveBy(13,-36464,-1000)
MoveBy(13,-36464,-1000)
MoveBy(13,-36464,-1000)
MoveBy(13,-36464,-1000)
MoveBy(13,-36464,-1000)
MoveBy(13,-36464,-1000)
MoveBy(13,-36464,-1000)
MoveBy(13,-36464,-1000)
MoveBy(13,-36464,-1000)
MoveBy(13,-36464,-1000)
MoveBy(13,-36464,-1000)
MoveBy(13,-36464,-1000)
MoveBy(13,-36464,-1000)
MoveBy(13,-36464,-1000)
MoveBy(13,-36464,-1000)
MoveBy(13,-36464,-1000)
MoveBy(13,-36464,-1000)
MoveBy(13,-36464,-1000)
MoveBy(13,-36464,-1000)
MoveBy(13,-36464,-1000)
MoveBy(13,-36464,-1000)
MoveBy(13,-36464,-1000)
MoveBy(13,-36464,-1000)
MoveBy(13,-36464,-1000)
MoveBy(13,-36464,-1000)
MoveBy(13,-36464,-1000)
MoveBy(13,-36464,-1000)
MoveBy(13,-36464,-1000)
MoveBy(13,-36464,-1000)
MoveBy(13,-36464,-1000)
MoveBy(13,-36464,-1000)
MoveBy(13,-36464,-1000)
MoveBy(13,-36464,-1000)
MoveBy(13,-36464,-1000)
MoveBy(13,-36464,-1000)
MoveBy(13,-36464,-1000)
MoveBy(13,-36464,-1000)
MoveBy(13,-36464,-1000)
MoveBy(13,-36464,-1000)
MoveBy(13,-36464,-1000)
MoveBy(13,-36464,-1000)
MoveBy(13,-36464,-1000)
MoveBy(13,-36464,-1000)
MoveBy(13,-36464,-1000)
MoveBy(13,-36464,-1000)
MoveBy(13,-36464,-1000)
MoveBy(13,-36464,-1000)
MoveBy(13,-36464,-1000)
MoveBy(13,-36464,-1000)
MoveBy(13,-36464,-1000)
MoveBy(13,-36464,-1000)
MoveBy(13,-36464,-1000)
MoveBy(13,-36464,-1000)
MoveBy(13,-36464,-1000)
MoveBy(13,-36464,-1000)
MoveBy(13,-36464,-1000)
MoveBy(13,-36464,-1000)
MoveBy(13,-36464,-1000)
MoveBy(13,-36464,-1000)
MoveBy(13,-36464,-1000)
MoveBy(13,-36464,-1000)
MoveBy(13,-36464,-1000)
MoveBy(13,-36464,-1000)
MoveBy(13,-36464,-1000)
MoveBy(13,-36464,-1000)
MoveBy(13,-36464,-1000)
MoveBy(13,-36464,-1000)
MoveBy(13,-36464,-1000)
MoveBy(13,-36464,-1000)
MoveBy(13,-36464,-1000)
MoveBy(13,-36464,-1000)
MoveBy(13,-36416,-1000)
MoveBy(13,-36281,-1000)
MoveBy(13,-36053,-1000)
MoveBy(13,-36001,-1000)
MoveBy(13,-36001,-1000)
MoveBy(13,-36000,-1000)
MoveBy(13,-35864,-1000)
MoveBy(13,-35536,-1000)
MoveBy(13,-35178,-1000)
MoveBy(13,-35014,-1000)
MoveBy(13,-35001,-1000)
MoveBy(13,-35000,-1000)
MoveBy(13,-34975,-1000)
MoveBy(13,-34785,-1000)
MoveBy(13,-34409,-1000)
MoveBy(13,-34107,-1000)
MoveBy(13,-34002,-1000)
MoveBy(13,-34001,-1000)
MoveBy(13,-34000,-1000)
MoveBy(13,-33933,-1000)
MoveBy(13,-33675,-1000)
MoveBy(13,-33398,-1000)
MoveBy(13,-33102,-1000)
MoveBy(13,-33002,-1000)
MoveBy(13,-33001,-1000)
MoveBy(13,-33000,-1000)
MoveBy(13,-32864,-1000)
MoveBy(13,-32533,-1000)
MoveBy(13,-32177,-1000)
MoveBy(13,-32013,-1000)
MoveBy(13,-32001,-1000)
MoveBy(13,-32000,-1000)
MoveBy(13,-31890,-1000)
MoveBy(13,-31328,-1000)
MoveBy(13,-31000,-1000)
MoveBy(13,-30000,-1000)
MoveBy(13,-28000,-1000)
MoveBy(13,-27000,-1000)
MoveBy(13,-26000,-1000)
MoveBy(13,-25000,-1000)
SetPreset(13,-36464,0)
MoveBy(13,0,-1000)
MoveBy(13,-1000,-1000)
MoveBy(13,-2000,-1000)
MoveBy(13,-3000,-1000)
MoveBy(13,-4000,-20000)
MoveBy(13,-24000,20000)
MoveBy(13,-4000,-2000)
MoveBy(13,-6000,-2000)
MoveBy(13,-8000,-2000)
MoveBy(13,-10000,-2000)
MoveBy(13,-12000,-2000)
MoveBy(13,-14000,1000)
MoveBy(13,-13000,-20000)
MoveBy(13,-33000,10000)
MoveBy(13,-23000,2000)
MoveBy(13,-21000,2000)
MoveBy(13,-19000,2000)
MoveBy(13,-17000,2000)
MoveBy(13,-15000,2000)
MoveBy(13,-13000,2000)
MoveBy(13,-11000,2000)
MoveBy(13,-9000,2000)
MoveBy(13,-7000,2000)
MoveBy(13,-5000,-2000)
MoveBy(13,-7000,-20000)
MoveBy(13,-27000,20000)
MoveBy(13,-7000,2000)
MoveBy(13,-5000,2000)
MoveBy(13,-3000,2000)
MoveBy(13,-1000,500)
MoveBy(13,-500,-500)
MoveBy(13,-1000,-500)
